Build started 2019-10-03 오전 10:19:29.
     1>Project "c:\Users\user\documents\visual studio 2010\Projects\SemaphoreDemo\SemaphoreDemo\SemaphoreDemo.vcxproj" on node 2 (build target(s)).
     1>InitializeBuildStatus:
         Touching "Debug\SemaphoreDemo.unsuccessfulbuild".
       ClCompile:
         All outputs are up-to-date.
         C:\Program Files (x86)\Microsoft Visual Studio 10.0\VC\bin\CL.exe /c /ZI /nologo /W3 /WX- /Od /Oy- /D WIN32 /D _WINDOWS /D _DEBUG /D _UNICODE /D UNICODE /D _AFXDLL /Gm /EHsc /RTC1 /MDd /GS /fp:precise /Zc:wchar_t /Zc:forScope /Yu"StdAfx.h" /Fp"Debug\SemaphoreDemo.pch" /Fo"Debug\\" /Fd"Debug\vc100.pdb" /Gd /TP /analyze- /errorReport:prompt SemaphoreDemo.cpp
         SemaphoreDemo.cpp
       ResourceCompile:
         c:\Program Files (x86)\Microsoft SDKs\Windows\v7.0A\bin\rc.exe /D _DEBUG /D _UNICODE /D UNICODE /D _AFXDLL /l"0x0412" /IDebug\ /nologo /fo"Debug\SemaphoreDemo.res" SemaphoreDemo.rc 
       ManifestResourceCompile:
         c:\Program Files (x86)\Microsoft SDKs\Windows\v7.0A\bin\rc.exe /nologo /fo"Debug\SemaphoreDemo.exe.embed.manifest.res" Debug\SemaphoreDemo_manifest.rc 
       Link:
         C:\Program Files (x86)\Microsoft Visual Studio 10.0\VC\bin\link.exe /ERRORREPORT:PROMPT /OUT:"c:\users\user\documents\visual studio 2010\Projects\SemaphoreDemo\Debug\SemaphoreDemo.exe" /INCREMENTAL /NOLOGO /MANIFEST /ManifestFile:"Debug\SemaphoreDemo.exe.intermediate.manifest" /MANIFESTUAC:"level='asInvoker' uiAccess='false'" /DEBUG /PDB:"c:\users\user\documents\visual studio 2010\Projects\SemaphoreDemo\Debug\SemaphoreDemo.pdb" /SUBSYSTEM:WINDOWS /TLBID:1 /ENTRY:"wWinMainCRTStartup" /DYNAMICBASE /NXCOMPAT /IMPLIB:"c:\users\user\documents\visual studio 2010\Projects\SemaphoreDemo\Debug\SemaphoreDemo.lib" /MACHINE:X86 Debug\SemaphoreDemo.res
         Debug\SemaphoreDemo.exe.embed.manifest.res
         Debug\MainFrm.obj
         Debug\SemaphoreDemo.obj
         Debug\SemaphoreDemoDoc.obj
         Debug\SemaphoreDemoView.obj
         Debug\stdafx.obj
       Manifest:
         c:\Program Files (x86)\Microsoft SDKs\Windows\v7.0A\bin\mt.exe /nologo /verbose /out:"Debug\SemaphoreDemo.exe.embed.manifest" /manifest Debug\SemaphoreDemo.exe.intermediate.manifest "C:\Program Files (x86)\Microsoft Visual Studio 10.0\VC\Include\Manifest\dpiaware.manifest"
         c:\Program Files (x86)\Microsoft SDKs\Windows\v7.0A\bin\rc.exe /nologo /fo"Debug\SemaphoreDemo.exe.embed.manifest.res" Debug\SemaphoreDemo_manifest.rc 
       LinkEmbedManifest:
         C:\Program Files (x86)\Microsoft Visual Studio 10.0\VC\bin\link.exe /ERRORREPORT:PROMPT /OUT:"c:\users\user\documents\visual studio 2010\Projects\SemaphoreDemo\Debug\SemaphoreDemo.exe" /INCREMENTAL /NOLOGO /MANIFEST /ManifestFile:"Debug\SemaphoreDemo.exe.intermediate.manifest" /MANIFESTUAC:"level='asInvoker' uiAccess='false'" /DEBUG /PDB:"c:\users\user\documents\visual studio 2010\Projects\SemaphoreDemo\Debug\SemaphoreDemo.pdb" /SUBSYSTEM:WINDOWS /TLBID:1 /ENTRY:"wWinMainCRTStartup" /DYNAMICBASE /NXCOMPAT /IMPLIB:"c:\users\user\documents\visual studio 2010\Projects\SemaphoreDemo\Debug\SemaphoreDemo.lib" /MACHINE:X86 Debug\SemaphoreDemo.res
         Debug\SemaphoreDemo.exe.embed.manifest.res
         Debug\MainFrm.obj
         Debug\SemaphoreDemo.obj
         Debug\SemaphoreDemoDoc.obj
         Debug\SemaphoreDemoView.obj
         Debug\stdafx.obj
         SemaphoreDemo.vcxproj -> c:\users\user\documents\visual studio 2010\Projects\SemaphoreDemo\Debug\SemaphoreDemo.exe
       FinalizeBuildStatus:
         Deleting file "Debug\SemaphoreDemo.unsuccessfulbuild".
         Touching "Debug\SemaphoreDemo.lastbuildstate".
     1>Done Building Project "c:\Users\user\documents\visual studio 2010\Projects\SemaphoreDemo\SemaphoreDemo\SemaphoreDemo.vcxproj" (build target(s)).

Build succeeded.

Time Elapsed 00:00:03.24
