Build started 2019-10-01 오후 3:24:06.
     1>Project "c:\Users\user\documents\visual studio 2010\Projects\WorkThreadDemo\WorkThreadDemo\WorkThreadDemo.vcxproj" on node 2 (build target(s)).
     1>InitializeBuildStatus:
         Touching "Debug\WorkThreadDemo.unsuccessfulbuild".
       ClCompile:
         All outputs are up-to-date.
         C:\Program Files (x86)\Microsoft Visual Studio 10.0\VC\bin\CL.exe /c /ZI /nologo /W3 /WX- /Od /Oy- /D WIN32 /D _WINDOWS /D _DEBUG /D _UNICODE /D UNICODE /D _AFXDLL /Gm /EHsc /RTC1 /MDd /GS /fp:precise /Zc:wchar_t /Zc:forScope /Yu"StdAfx.h" /Fp"Debug\WorkThreadDemo.pch" /Fo"Debug\\" /Fd"Debug\vc100.pdb" /Gd /TP /analyze- /errorReport:prompt WorkThreadDemo.cpp
         WorkThreadDemo.cpp
       ResourceCompile:
         All outputs are up-to-date.
       ManifestResourceCompile:
         All outputs are up-to-date.
       Link:
         C:\Program Files (x86)\Microsoft Visual Studio 10.0\VC\bin\link.exe /ERRORREPORT:PROMPT /OUT:"c:\users\user\documents\visual studio 2010\Projects\WorkThreadDemo\Debug\WorkThreadDemo.exe" /INCREMENTAL /NOLOGO /MANIFEST /ManifestFile:"Debug\WorkThreadDemo.exe.intermediate.manifest" /MANIFESTUAC:"level='asInvoker' uiAccess='false'" /DEBUG /PDB:"c:\users\user\documents\visual studio 2010\Projects\WorkThreadDemo\Debug\WorkThreadDemo.pdb" /SUBSYSTEM:WINDOWS /TLBID:1 /ENTRY:"wWinMainCRTStartup" /DYNAMICBASE /NXCOMPAT /IMPLIB:"c:\users\user\documents\visual studio 2010\Projects\WorkThreadDemo\Debug\WorkThreadDemo.lib" /MACHINE:X86 Debug\WorkThreadDemo.res
         Debug\WorkThreadDemo.exe.embed.manifest.res
         Debug\stdafx.obj
         Debug\WorkThreadDemo.obj
         Debug\WorkThreadDemoDlg.obj
       Manifest:
         c:\Program Files (x86)\Microsoft SDKs\Windows\v7.0A\bin\mt.exe /nologo /verbose /out:"Debug\WorkThreadDemo.exe.embed.manifest" /manifest Debug\WorkThreadDemo.exe.intermediate.manifest "C:\Program Files (x86)\Microsoft Visual Studio 10.0\VC\Include\Manifest\dpiaware.manifest"
         All outputs are up-to-date.
       LinkEmbedManifest:
         All outputs are up-to-date.
         WorkThreadDemo.vcxproj -> c:\users\user\documents\visual studio 2010\Projects\WorkThreadDemo\Debug\WorkThreadDemo.exe
       FinalizeBuildStatus:
         Deleting file "Debug\WorkThreadDemo.unsuccessfulbuild".
         Touching "Debug\WorkThreadDemo.lastbuildstate".
     1>Done Building Project "c:\Users\user\documents\visual studio 2010\Projects\WorkThreadDemo\WorkThreadDemo\WorkThreadDemo.vcxproj" (build target(s)).

Build succeeded.

Time Elapsed 00:00:01.37
