Build started 2019-10-03 오후 9:23:21.
     1>Project "c:\Users\user\documents\visual studio 2010\Projects\Updater\Updater\Updater.vcxproj" on node 2 (build target(s)).
     1>PrepareForBuild:
         Creating directory "c:\users\user\documents\visual studio 2010\Projects\Updater\Debug\".
       InitializeBuildStatus:
         Creating "Debug\Updater.unsuccessfulbuild" because "AlwaysCreate" was specified.
       ClCompile:
         C:\Program Files (x86)\Microsoft Visual Studio 10.0\VC\bin\CL.exe /c /ZI /nologo /W3 /WX- /Od /Oy- /D WIN32 /D _WINDOWS /D _DEBUG /D _UNICODE /D UNICODE /D _AFXDLL /Gm /EHsc /RTC1 /MDd /GS /fp:precise /Zc:wchar_t /Zc:forScope /Yc"StdAfx.h" /Fp"Debug\Updater.pch" /Fo"Debug\\" /Fd"Debug\vc100.pdb" /Gd /TP /analyze- /errorReport:prompt stdafx.cpp
         stdafx.cpp
         C:\Program Files (x86)\Microsoft Visual Studio 10.0\VC\bin\CL.exe /c /ZI /nologo /W3 /WX- /Od /Oy- /D WIN32 /D _WINDOWS /D _DEBUG /D _UNICODE /D UNICODE /D _AFXDLL /Gm /EHsc /RTC1 /MDd /GS /fp:precise /Zc:wchar_t /Zc:forScope /Yu"StdAfx.h" /Fp"Debug\Updater.pch" /Fo"Debug\\" /Fd"Debug\vc100.pdb" /Gd /TP /analyze- /errorReport:prompt Updater.cpp UpdaterDlg.cpp
         UpdaterDlg.cpp
         Updater.cpp
         Generating Code...
       ResourceCompile:
         c:\Program Files (x86)\Microsoft SDKs\Windows\v7.0A\bin\rc.exe /D _DEBUG /D _UNICODE /D UNICODE /D _AFXDLL /l"0x0412" /IDebug\ /nologo /fo"Debug\Updater.res" Updater.rc 
       ManifestResourceCompile:
         c:\Program Files (x86)\Microsoft SDKs\Windows\v7.0A\bin\rc.exe /nologo /fo"Debug\Updater.exe.embed.manifest.res" Debug\Updater_manifest.rc 
       Link:
         C:\Program Files (x86)\Microsoft Visual Studio 10.0\VC\bin\link.exe /ERRORREPORT:PROMPT /OUT:"c:\users\user\documents\visual studio 2010\Projects\Updater\Debug\Updater.exe" /INCREMENTAL /NOLOGO /MANIFEST /ManifestFile:"Debug\Updater.exe.intermediate.manifest" /MANIFESTUAC:"level='asInvoker' uiAccess='false'" /DEBUG /PDB:"c:\users\user\documents\visual studio 2010\Projects\Updater\Debug\Updater.pdb" /SUBSYSTEM:WINDOWS /TLBID:1 /ENTRY:"wWinMainCRTStartup" /DYNAMICBASE /NXCOMPAT /IMPLIB:"c:\users\user\documents\visual studio 2010\Projects\Updater\Debug\Updater.lib" /MACHINE:X86 Debug\Updater.res
         Debug\Updater.exe.embed.manifest.res
         Debug\stdafx.obj
         Debug\Updater.obj
         Debug\UpdaterDlg.obj
       Manifest:
         c:\Program Files (x86)\Microsoft SDKs\Windows\v7.0A\bin\mt.exe /nologo /verbose /out:"Debug\Updater.exe.embed.manifest" /manifest Debug\Updater.exe.intermediate.manifest "C:\Program Files (x86)\Microsoft Visual Studio 10.0\VC\Include\Manifest\dpiaware.manifest"
         c:\Program Files (x86)\Microsoft SDKs\Windows\v7.0A\bin\rc.exe /nologo /fo"Debug\Updater.exe.embed.manifest.res" Debug\Updater_manifest.rc 
       LinkEmbedManifest:
         C:\Program Files (x86)\Microsoft Visual Studio 10.0\VC\bin\link.exe /ERRORREPORT:PROMPT /OUT:"c:\users\user\documents\visual studio 2010\Projects\Updater\Debug\Updater.exe" /INCREMENTAL /NOLOGO /MANIFEST /ManifestFile:"Debug\Updater.exe.intermediate.manifest" /MANIFESTUAC:"level='asInvoker' uiAccess='false'" /DEBUG /PDB:"c:\users\user\documents\visual studio 2010\Projects\Updater\Debug\Updater.pdb" /SUBSYSTEM:WINDOWS /TLBID:1 /ENTRY:"wWinMainCRTStartup" /DYNAMICBASE /NXCOMPAT /IMPLIB:"c:\users\user\documents\visual studio 2010\Projects\Updater\Debug\Updater.lib" /MACHINE:X86 Debug\Updater.res
         Debug\Updater.exe.embed.manifest.res
         Debug\stdafx.obj
         Debug\Updater.obj
         Debug\UpdaterDlg.obj
         Updater.vcxproj -> c:\users\user\documents\visual studio 2010\Projects\Updater\Debug\Updater.exe
       FinalizeBuildStatus:
         Deleting file "Debug\Updater.unsuccessfulbuild".
         Touching "Debug\Updater.lastbuildstate".
     1>Done Building Project "c:\Users\user\documents\visual studio 2010\Projects\Updater\Updater\Updater.vcxproj" (build target(s)).

Build succeeded.

Time Elapsed 00:00:09.33
