Build started 2019-10-12 오후 1:50:08.
     1>Project "C:\Users\user\documents\visual studio 2010\Projects\ChatServer\ChatServer\ChatServer.vcxproj" on node 2 (build target(s)).
     1>PrepareForBuild:
         Creating directory "C:\Users\user\documents\visual studio 2010\Projects\ChatServer\Debug\".
       InitializeBuildStatus:
         Creating "Debug\ChatServer.unsuccessfulbuild" because "AlwaysCreate" was specified.
       ClCompile:
         C:\Program Files (x86)\Microsoft Visual Studio 10.0\VC\bin\CL.exe /c /ZI /nologo /W3 /WX- /Od /Oy- /D WIN32 /D _WINDOWS /D _DEBUG /D _UNICODE /D UNICODE /D _AFXDLL /Gm /EHsc /RTC1 /MDd /GS /fp:precise /Zc:wchar_t /Zc:forScope /Yc"StdAfx.h" /Fp"Debug\ChatServer.pch" /Fo"Debug\\" /Fd"Debug\vc100.pdb" /Gd /TP /analyze- /errorReport:prompt stdafx.cpp
         stdafx.cpp
         C:\Program Files (x86)\Microsoft Visual Studio 10.0\VC\bin\CL.exe /c /ZI /nologo /W3 /WX- /Od /Oy- /D WIN32 /D _WINDOWS /D _DEBUG /D _UNICODE /D UNICODE /D _AFXDLL /Gm /EHsc /RTC1 /MDd /GS /fp:precise /Zc:wchar_t /Zc:forScope /Yu"StdAfx.h" /Fp"Debug\ChatServer.pch" /Fo"Debug\\" /Fd"Debug\vc100.pdb" /Gd /TP /analyze- /errorReport:prompt ChatServer.cpp ChatServerDlg.cpp ClientSocket.cpp ListenSocket.cpp
         ListenSocket.cpp
         ClientSocket.cpp
         ChatServerDlg.cpp
         ChatServer.cpp
         Generating Code...
       ResourceCompile:
         c:\Program Files (x86)\Microsoft SDKs\Windows\v7.0A\bin\rc.exe /D _DEBUG /D _UNICODE /D UNICODE /D _AFXDLL /l"0x0412" /IDebug\ /nologo /fo"Debug\ChatServer.res" ChatServer.rc 
       ManifestResourceCompile:
         c:\Program Files (x86)\Microsoft SDKs\Windows\v7.0A\bin\rc.exe /nologo /fo"Debug\ChatServer.exe.embed.manifest.res" Debug\ChatServer_manifest.rc 
       Link:
         C:\Program Files (x86)\Microsoft Visual Studio 10.0\VC\bin\link.exe /ERRORREPORT:PROMPT /OUT:"C:\Users\user\documents\visual studio 2010\Projects\ChatServer\Debug\ChatServer.exe" /INCREMENTAL /NOLOGO /MANIFEST /ManifestFile:"Debug\ChatServer.exe.intermediate.manifest" /MANIFESTUAC:"level='asInvoker' uiAccess='false'" /DEBUG /PDB:"C:\Users\user\documents\visual studio 2010\Projects\ChatServer\Debug\ChatServer.pdb" /SUBSYSTEM:WINDOWS /TLBID:1 /ENTRY:"wWinMainCRTStartup" /DYNAMICBASE /NXCOMPAT /IMPLIB:"C:\Users\user\documents\visual studio 2010\Projects\ChatServer\Debug\ChatServer.lib" /MACHINE:X86 Debug\ChatServer.res
         Debug\ChatServer.exe.embed.manifest.res
         Debug\ChatServer.obj
         Debug\ChatServerDlg.obj
         Debug\ClientSocket.obj
         Debug\ListenSocket.obj
         Debug\stdafx.obj
       Manifest:
         c:\Program Files (x86)\Microsoft SDKs\Windows\v7.0A\bin\mt.exe /nologo /verbose /out:"Debug\ChatServer.exe.embed.manifest" /manifest Debug\ChatServer.exe.intermediate.manifest "C:\Program Files (x86)\Microsoft Visual Studio 10.0\VC\Include\Manifest\dpiaware.manifest"
         c:\Program Files (x86)\Microsoft SDKs\Windows\v7.0A\bin\rc.exe /nologo /fo"Debug\ChatServer.exe.embed.manifest.res" Debug\ChatServer_manifest.rc 
       LinkEmbedManifest:
         C:\Program Files (x86)\Microsoft Visual Studio 10.0\VC\bin\link.exe /ERRORREPORT:PROMPT /OUT:"C:\Users\user\documents\visual studio 2010\Projects\ChatServer\Debug\ChatServer.exe" /INCREMENTAL /NOLOGO /MANIFEST /ManifestFile:"Debug\ChatServer.exe.intermediate.manifest" /MANIFESTUAC:"level='asInvoker' uiAccess='false'" /DEBUG /PDB:"C:\Users\user\documents\visual studio 2010\Projects\ChatServer\Debug\ChatServer.pdb" /SUBSYSTEM:WINDOWS /TLBID:1 /ENTRY:"wWinMainCRTStartup" /DYNAMICBASE /NXCOMPAT /IMPLIB:"C:\Users\user\documents\visual studio 2010\Projects\ChatServer\Debug\ChatServer.lib" /MACHINE:X86 Debug\ChatServer.res
         Debug\ChatServer.exe.embed.manifest.res
         Debug\ChatServer.obj
         Debug\ChatServerDlg.obj
         Debug\ClientSocket.obj
         Debug\ListenSocket.obj
         Debug\stdafx.obj
         ChatServer.vcxproj -> C:\Users\user\documents\visual studio 2010\Projects\ChatServer\Debug\ChatServer.exe
       FinalizeBuildStatus:
         Deleting file "Debug\ChatServer.unsuccessfulbuild".
         Touching "Debug\ChatServer.lastbuildstate".
     1>Done Building Project "C:\Users\user\documents\visual studio 2010\Projects\ChatServer\ChatServer\ChatServer.vcxproj" (build target(s)).

Build succeeded.

Time Elapsed 00:00:11.18
