Build started 2019-10-05 오전 10:50:45.
     1>Project "C:\Users\user\documents\visual studio 2010\Projects\SharedMemDemo\SharedMemDemo\SharedMemDemo.vcxproj" on node 2 (build target(s)).
     1>InitializeBuildStatus:
         Creating "Debug\SharedMemDemo.unsuccessfulbuild" because "AlwaysCreate" was specified.
       ClCompile:
         All outputs are up-to-date.
         C:\Program Files (x86)\Microsoft Visual Studio 10.0\VC\bin\CL.exe /c /ZI /nologo /W3 /WX- /Od /Oy- /D WIN32 /D _WINDOWS /D _DEBUG /D _UNICODE /D UNICODE /D _AFXDLL /Gm /EHsc /RTC1 /MDd /GS /fp:precise /Zc:wchar_t /Zc:forScope /Yu"StdAfx.h" /Fp"Debug\SharedMemDemo.pch" /Fo"Debug\\" /Fd"Debug\vc100.pdb" /Gd /TP /analyze- /errorReport:prompt SharedMemDemo.cpp
         SharedMemDemo.cpp
       ResourceCompile:
         All outputs are up-to-date.
       ManifestResourceCompile:
         All outputs are up-to-date.
       Link:
         C:\Program Files (x86)\Microsoft Visual Studio 10.0\VC\bin\link.exe /ERRORREPORT:PROMPT /OUT:"C:\Users\user\documents\visual studio 2010\Projects\SharedMemDemo\Debug\SharedMemDemo.exe" /INCREMENTAL /NOLOGO /MANIFEST /ManifestFile:"Debug\SharedMemDemo.exe.intermediate.manifest" /MANIFESTUAC:"level='asInvoker' uiAccess='false'" /DEBUG /PDB:"C:\Users\user\documents\visual studio 2010\Projects\SharedMemDemo\Debug\SharedMemDemo.pdb" /SUBSYSTEM:WINDOWS /TLBID:1 /ENTRY:"wWinMainCRTStartup" /DYNAMICBASE /NXCOMPAT /IMPLIB:"C:\Users\user\documents\visual studio 2010\Projects\SharedMemDemo\Debug\SharedMemDemo.lib" /MACHINE:X86 Debug\SharedMemDemo.res
         Debug\SharedMemDemo.exe.embed.manifest.res
         Debug\SharedMemDemo.obj
         Debug\SharedMemDemoDlg.obj
         Debug\stdafx.obj
       Manifest:
         c:\Program Files (x86)\Microsoft SDKs\Windows\v7.0A\bin\mt.exe /nologo /verbose /out:"Debug\SharedMemDemo.exe.embed.manifest" /manifest Debug\SharedMemDemo.exe.intermediate.manifest "C:\Program Files (x86)\Microsoft Visual Studio 10.0\VC\Include\Manifest\dpiaware.manifest"
         All outputs are up-to-date.
       LinkEmbedManifest:
         All outputs are up-to-date.
         SharedMemDemo.vcxproj -> C:\Users\user\documents\visual studio 2010\Projects\SharedMemDemo\Debug\SharedMemDemo.exe
       FinalizeBuildStatus:
         Deleting file "Debug\SharedMemDemo.unsuccessfulbuild".
         Touching "Debug\SharedMemDemo.lastbuildstate".
     1>Done Building Project "C:\Users\user\documents\visual studio 2010\Projects\SharedMemDemo\SharedMemDemo\SharedMemDemo.vcxproj" (build target(s)).

Build succeeded.

Time Elapsed 00:00:01.11
