Build started 2019-10-03 오후 9:18:55.
     1>Project "c:\Users\user\documents\visual studio 2010\Projects\UpdateDemo\UpdateDemo\UpdateDemo.vcxproj" on node 2 (build target(s)).
     1>InitializeBuildStatus:
         Creating "Debug\UpdateDemo.unsuccessfulbuild" because "AlwaysCreate" was specified.
       ClCompile:
         All outputs are up-to-date.
         C:\Program Files (x86)\Microsoft Visual Studio 10.0\VC\bin\CL.exe /c /ZI /nologo /W3 /WX- /Od /Oy- /D WIN32 /D _WINDOWS /D _DEBUG /D _UNICODE /D UNICODE /D _AFXDLL /Gm /EHsc /RTC1 /MDd /GS /fp:precise /Zc:wchar_t /Zc:forScope /Yu"StdAfx.h" /Fp"Debug\UpdateDemo.pch" /Fo"Debug\\" /Fd"Debug\vc100.pdb" /Gd /TP /analyze- /errorReport:prompt UpdateDemo.cpp
         UpdateDemo.cpp
       ResourceCompile:
         All outputs are up-to-date.
       ManifestResourceCompile:
         All outputs are up-to-date.
       Link:
         C:\Program Files (x86)\Microsoft Visual Studio 10.0\VC\bin\link.exe /ERRORREPORT:PROMPT /OUT:"c:\users\user\documents\visual studio 2010\Projects\UpdateDemo\Debug\UpdateDemo.exe" /INCREMENTAL /NOLOGO /MANIFEST /ManifestFile:"Debug\UpdateDemo.exe.intermediate.manifest" /MANIFESTUAC:"level='asInvoker' uiAccess='false'" /DEBUG /PDB:"c:\users\user\documents\visual studio 2010\Projects\UpdateDemo\Debug\UpdateDemo.pdb" /SUBSYSTEM:WINDOWS /TLBID:1 /ENTRY:"wWinMainCRTStartup" /DYNAMICBASE /NXCOMPAT /IMPLIB:"c:\users\user\documents\visual studio 2010\Projects\UpdateDemo\Debug\UpdateDemo.lib" /MACHINE:X86 Debug\UpdateDemo.res
         Debug\UpdateDemo.exe.embed.manifest.res
         Debug\MainFrm.obj
         Debug\stdafx.obj
         Debug\UpdateDemo.obj
         Debug\UpdateDemoDoc.obj
         Debug\UpdateDemoView.obj
       Manifest:
         c:\Program Files (x86)\Microsoft SDKs\Windows\v7.0A\bin\mt.exe /nologo /verbose /out:"Debug\UpdateDemo.exe.embed.manifest" /manifest Debug\UpdateDemo.exe.intermediate.manifest "C:\Program Files (x86)\Microsoft Visual Studio 10.0\VC\Include\Manifest\dpiaware.manifest"
         All outputs are up-to-date.
       LinkEmbedManifest:
         All outputs are up-to-date.
         UpdateDemo.vcxproj -> c:\users\user\documents\visual studio 2010\Projects\UpdateDemo\Debug\UpdateDemo.exe
       FinalizeBuildStatus:
         Deleting file "Debug\UpdateDemo.unsuccessfulbuild".
         Touching "Debug\UpdateDemo.lastbuildstate".
     1>Done Building Project "c:\Users\user\documents\visual studio 2010\Projects\UpdateDemo\UpdateDemo\UpdateDemo.vcxproj" (build target(s)).

Build succeeded.

Time Elapsed 00:00:01.23
