Build started 2019-10-03 오후 9:38:44.
     1>Project "c:\Users\user\documents\visual studio 2010\Projects\DuplicationCheck\DuplicationCheck\DuplicationCheck.vcxproj" on node 2 (build target(s)).
     1>PrepareForBuild:
         Creating directory "c:\users\user\documents\visual studio 2010\Projects\DuplicationCheck\Debug\".
       InitializeBuildStatus:
         Creating "Debug\DuplicationCheck.unsuccessfulbuild" because "AlwaysCreate" was specified.
       ClCompile:
         C:\Program Files (x86)\Microsoft Visual Studio 10.0\VC\bin\CL.exe /c /ZI /nologo /W3 /WX- /Od /Oy- /D WIN32 /D _WINDOWS /D _DEBUG /D _UNICODE /D UNICODE /D _AFXDLL /Gm /EHsc /RTC1 /MDd /GS /fp:precise /Zc:wchar_t /Zc:forScope /Yc"StdAfx.h" /Fp"Debug\DuplicationCheck.pch" /Fo"Debug\\" /Fd"Debug\vc100.pdb" /Gd /TP /analyze- /errorReport:prompt stdafx.cpp
         stdafx.cpp
         C:\Program Files (x86)\Microsoft Visual Studio 10.0\VC\bin\CL.exe /c /ZI /nologo /W3 /WX- /Od /Oy- /D WIN32 /D _WINDOWS /D _DEBUG /D _UNICODE /D UNICODE /D _AFXDLL /Gm /EHsc /RTC1 /MDd /GS /fp:precise /Zc:wchar_t /Zc:forScope /Yu"StdAfx.h" /Fp"Debug\DuplicationCheck.pch" /Fo"Debug\\" /Fd"Debug\vc100.pdb" /Gd /TP /analyze- /errorReport:prompt DuplicationCheck.cpp DuplicationCheckDoc.cpp DuplicationCheckView.cpp MainFrm.cpp
         MainFrm.cpp
         DuplicationCheckView.cpp
         DuplicationCheckDoc.cpp
         DuplicationCheck.cpp
         Generating Code...
       ResourceCompile:
         c:\Program Files (x86)\Microsoft SDKs\Windows\v7.0A\bin\rc.exe /D _DEBUG /D _UNICODE /D UNICODE /D _AFXDLL /l"0x0412" /IDebug\ /nologo /fo"Debug\DuplicationCheck.res" DuplicationCheck.rc 
       ManifestResourceCompile:
         c:\Program Files (x86)\Microsoft SDKs\Windows\v7.0A\bin\rc.exe /nologo /fo"Debug\DuplicationCheck.exe.embed.manifest.res" Debug\DuplicationCheck_manifest.rc 
       Link:
         C:\Program Files (x86)\Microsoft Visual Studio 10.0\VC\bin\link.exe /ERRORREPORT:PROMPT /OUT:"c:\users\user\documents\visual studio 2010\Projects\DuplicationCheck\Debug\DuplicationCheck.exe" /INCREMENTAL /NOLOGO /MANIFEST /ManifestFile:"Debug\DuplicationCheck.exe.intermediate.manifest" /MANIFESTUAC:"level='asInvoker' uiAccess='false'" /DEBUG /PDB:"c:\users\user\documents\visual studio 2010\Projects\DuplicationCheck\Debug\DuplicationCheck.pdb" /SUBSYSTEM:WINDOWS /TLBID:1 /ENTRY:"wWinMainCRTStartup" /DYNAMICBASE /NXCOMPAT /IMPLIB:"c:\users\user\documents\visual studio 2010\Projects\DuplicationCheck\Debug\DuplicationCheck.lib" /MACHINE:X86 Debug\DuplicationCheck.res
         Debug\DuplicationCheck.exe.embed.manifest.res
         Debug\DuplicationCheck.obj
         Debug\DuplicationCheckDoc.obj
         Debug\DuplicationCheckView.obj
         Debug\MainFrm.obj
         Debug\stdafx.obj
       Manifest:
         c:\Program Files (x86)\Microsoft SDKs\Windows\v7.0A\bin\mt.exe /nologo /verbose /out:"Debug\DuplicationCheck.exe.embed.manifest" /manifest Debug\DuplicationCheck.exe.intermediate.manifest "C:\Program Files (x86)\Microsoft Visual Studio 10.0\VC\Include\Manifest\dpiaware.manifest"
         c:\Program Files (x86)\Microsoft SDKs\Windows\v7.0A\bin\rc.exe /nologo /fo"Debug\DuplicationCheck.exe.embed.manifest.res" Debug\DuplicationCheck_manifest.rc 
       LinkEmbedManifest:
         C:\Program Files (x86)\Microsoft Visual Studio 10.0\VC\bin\link.exe /ERRORREPORT:PROMPT /OUT:"c:\users\user\documents\visual studio 2010\Projects\DuplicationCheck\Debug\DuplicationCheck.exe" /INCREMENTAL /NOLOGO /MANIFEST /ManifestFile:"Debug\DuplicationCheck.exe.intermediate.manifest" /MANIFESTUAC:"level='asInvoker' uiAccess='false'" /DEBUG /PDB:"c:\users\user\documents\visual studio 2010\Projects\DuplicationCheck\Debug\DuplicationCheck.pdb" /SUBSYSTEM:WINDOWS /TLBID:1 /ENTRY:"wWinMainCRTStartup" /DYNAMICBASE /NXCOMPAT /IMPLIB:"c:\users\user\documents\visual studio 2010\Projects\DuplicationCheck\Debug\DuplicationCheck.lib" /MACHINE:X86 Debug\DuplicationCheck.res
         Debug\DuplicationCheck.exe.embed.manifest.res
         Debug\DuplicationCheck.obj
         Debug\DuplicationCheckDoc.obj
         Debug\DuplicationCheckView.obj
         Debug\MainFrm.obj
         Debug\stdafx.obj
         DuplicationCheck.vcxproj -> c:\users\user\documents\visual studio 2010\Projects\DuplicationCheck\Debug\DuplicationCheck.exe
       FinalizeBuildStatus:
         Deleting file "Debug\DuplicationCheck.unsuccessfulbuild".
         Touching "Debug\DuplicationCheck.lastbuildstate".
     1>Done Building Project "c:\Users\user\documents\visual studio 2010\Projects\DuplicationCheck\DuplicationCheck\DuplicationCheck.vcxproj" (build target(s)).

Build succeeded.

Time Elapsed 00:00:10.92
