Build started 2019-10-03 오전 9:36:05.
     1>Project "c:\Users\user\documents\visual studio 2010\Projects\ThreadCrashDemo\ThreadCrashDemo\ThreadCrashDemo.vcxproj" on node 2 (build target(s)).
     1>InitializeBuildStatus:
         Creating "Debug\ThreadCrashDemo.unsuccessfulbuild" because "AlwaysCreate" was specified.
       ClCompile:
         C:\Program Files (x86)\Microsoft Visual Studio 10.0\VC\bin\CL.exe /c /ZI /nologo /W3 /WX- /Od /Oy- /D WIN32 /D _WINDOWS /D _DEBUG /D _UNICODE /D UNICODE /D _AFXDLL /Gm /EHsc /RTC1 /MDd /GS /fp:precise /Zc:wchar_t /Zc:forScope /Yc"StdAfx.h" /Fp"Debug\ThreadCrashDemo.pch" /Fo"Debug\\" /Fd"Debug\vc100.pdb" /Gd /TP /analyze- /errorReport:prompt stdafx.cpp
         stdafx.cpp
         C:\Program Files (x86)\Microsoft Visual Studio 10.0\VC\bin\CL.exe /c /ZI /nologo /W3 /WX- /Od /Oy- /D WIN32 /D _WINDOWS /D _DEBUG /D _UNICODE /D UNICODE /D _AFXDLL /Gm /EHsc /RTC1 /MDd /GS /fp:precise /Zc:wchar_t /Zc:forScope /Yu"StdAfx.h" /Fp"Debug\ThreadCrashDemo.pch" /Fo"Debug\\" /Fd"Debug\vc100.pdb" /Gd /TP /analyze- /errorReport:prompt ThreadCrashDemo.cpp ThreadCrashDemoDlg.cpp
         Skipping... (no relevant changes detected)
         ThreadCrashDemoDlg.cpp
         ThreadCrashDemo.cpp
       ResourceCompile:
         All outputs are up-to-date.
       ManifestResourceCompile:
         All outputs are up-to-date.
       Link:
         C:\Program Files (x86)\Microsoft Visual Studio 10.0\VC\bin\link.exe /ERRORREPORT:PROMPT /OUT:"c:\users\user\documents\visual studio 2010\Projects\ThreadCrashDemo\Debug\ThreadCrashDemo.exe" /INCREMENTAL /NOLOGO /MANIFEST /ManifestFile:"Debug\ThreadCrashDemo.exe.intermediate.manifest" /MANIFESTUAC:"level='asInvoker' uiAccess='false'" /DEBUG /PDB:"c:\users\user\documents\visual studio 2010\Projects\ThreadCrashDemo\Debug\ThreadCrashDemo.pdb" /SUBSYSTEM:WINDOWS /TLBID:1 /ENTRY:"wWinMainCRTStartup" /DYNAMICBASE /NXCOMPAT /IMPLIB:"c:\users\user\documents\visual studio 2010\Projects\ThreadCrashDemo\Debug\ThreadCrashDemo.lib" /MACHINE:X86 Debug\ThreadCrashDemo.res
         Debug\ThreadCrashDemo.exe.embed.manifest.res
         Debug\stdafx.obj
         Debug\ThreadCrashDemo.obj
         Debug\ThreadCrashDemoDlg.obj
       Manifest:
         c:\Program Files (x86)\Microsoft SDKs\Windows\v7.0A\bin\mt.exe /nologo /verbose /out:"Debug\ThreadCrashDemo.exe.embed.manifest" /manifest Debug\ThreadCrashDemo.exe.intermediate.manifest "C:\Program Files (x86)\Microsoft Visual Studio 10.0\VC\Include\Manifest\dpiaware.manifest"
         All outputs are up-to-date.
       LinkEmbedManifest:
         All outputs are up-to-date.
         ThreadCrashDemo.vcxproj -> c:\users\user\documents\visual studio 2010\Projects\ThreadCrashDemo\Debug\ThreadCrashDemo.exe
       FinalizeBuildStatus:
         Deleting file "Debug\ThreadCrashDemo.unsuccessfulbuild".
         Touching "Debug\ThreadCrashDemo.lastbuildstate".
     1>Done Building Project "c:\Users\user\documents\visual studio 2010\Projects\ThreadCrashDemo\ThreadCrashDemo\ThreadCrashDemo.vcxproj" (build target(s)).

Build succeeded.

Time Elapsed 00:00:07.38
