Build started 2019-10-12 오후 2:05:16.
     1>Project "c:\Users\user\documents\visual studio 2010\Projects\ChatClient\ChatClient\ChatClient.vcxproj" on node 2 (build target(s)).
     1>InitializeBuildStatus:
         Creating "Debug\ChatClient.unsuccessfulbuild" because "AlwaysCreate" was specified.
       ClCompile:
         All outputs are up-to-date.
         C:\Program Files (x86)\Microsoft Visual Studio 10.0\VC\bin\CL.exe /c /ZI /nologo /W3 /WX- /Od /Oy- /D WIN32 /D _WINDOWS /D _DEBUG /D _UNICODE /D UNICODE /D _AFXDLL /Gm /EHsc /RTC1 /MDd /GS /fp:precise /Zc:wchar_t /Zc:forScope /Yu"StdAfx.h" /Fp"Debug\ChatClient.pch" /Fo"Debug\\" /Fd"Debug\vc100.pdb" /Gd /TP /analyze- /errorReport:prompt ConnectSocket.cpp
         ConnectSocket.cpp
       ResourceCompile:
         All outputs are up-to-date.
       ManifestResourceCompile:
         All outputs are up-to-date.
       Link:
         C:\Program Files (x86)\Microsoft Visual Studio 10.0\VC\bin\link.exe /ERRORREPORT:PROMPT /OUT:"c:\users\user\documents\visual studio 2010\Projects\ChatClient\Debug\ChatClient.exe" /INCREMENTAL /NOLOGO /MANIFEST /ManifestFile:"Debug\ChatClient.exe.intermediate.manifest" /MANIFESTUAC:"level='asInvoker' uiAccess='false'" /DEBUG /PDB:"c:\users\user\documents\visual studio 2010\Projects\ChatClient\Debug\ChatClient.pdb" /SUBSYSTEM:WINDOWS /TLBID:1 /ENTRY:"wWinMainCRTStartup" /DYNAMICBASE /NXCOMPAT /IMPLIB:"c:\users\user\documents\visual studio 2010\Projects\ChatClient\Debug\ChatClient.lib" /MACHINE:X86 Debug\ChatClient.res
         Debug\ChatClient.exe.embed.manifest.res
         Debug\ChatClient.obj
         Debug\ChatClientDlg.obj
         Debug\ConnectSocket.obj
         Debug\stdafx.obj
       Manifest:
         c:\Program Files (x86)\Microsoft SDKs\Windows\v7.0A\bin\mt.exe /nologo /verbose /out:"Debug\ChatClient.exe.embed.manifest" /manifest Debug\ChatClient.exe.intermediate.manifest "C:\Program Files (x86)\Microsoft Visual Studio 10.0\VC\Include\Manifest\dpiaware.manifest"
         All outputs are up-to-date.
       LinkEmbedManifest:
         All outputs are up-to-date.
         ChatClient.vcxproj -> c:\users\user\documents\visual studio 2010\Projects\ChatClient\Debug\ChatClient.exe
       FinalizeBuildStatus:
         Deleting file "Debug\ChatClient.unsuccessfulbuild".
         Touching "Debug\ChatClient.lastbuildstate".
     1>Done Building Project "c:\Users\user\documents\visual studio 2010\Projects\ChatClient\ChatClient\ChatClient.vcxproj" (build target(s)).

Build succeeded.

Time Elapsed 00:00:01.33
